2019-07-09 11:51:31.601 INFO       [ main ] com.dev.DevloperMineApplicationTests               ->   50 ： Starting DevloperMineApplicationTests on PC-20181016FVVR with PID 9736 (started by Administrator in D:\IntelliJWorkSp\devloper-mine) 
2019-07-09 11:51:31.603 INFO       [ main ] com.dev.DevloperMineApplicationTests               ->  675 ： No active profile set, falling back to default profiles: default 
2019-07-09 11:51:32.939 INFO       [ main ] com.alibaba.druid.spring.boot.autoconfigure.DruidDataSourceAutoConfigure ->   56 ： Init DruidDataSource 
2019-07-09 11:51:33.162 INFO       [ main ] com.alibaba.druid.pool.DruidDataSource             -> 1003 ： {dataSource-1} inited 
2019-07-09 11:51:33.629 INFO       [ main ] com.alibaba.druid.pool.DruidDataSource             -> 1948 ： {dataSource-1} closing ... 
2019-07-09 11:51:33.630 INFO       [ main ] com.alibaba.druid.pool.DruidDataSource             -> 2020 ： {dataSource-1} closed 
2019-07-09 11:52:43.137 INFO       [ main ] com.dev.DevloperMineApplicationTests               ->   50 ： Starting DevloperMineApplicationTests on PC-20181016FVVR with PID 7652 (started by Administrator in D:\IntelliJWorkSp\devloper-mine) 
2019-07-09 11:52:43.140 INFO       [ main ] com.dev.DevloperMineApplicationTests               ->  675 ： No active profile set, falling back to default profiles: default 
2019-07-09 11:52:44.161 INFO       [ main ] com.alibaba.druid.spring.boot.autoconfigure.DruidDataSourceAutoConfigure ->   56 ： Init DruidDataSource 
2019-07-09 11:52:44.299 INFO       [ main ] com.alibaba.druid.pool.DruidDataSource             -> 1003 ： {dataSource-1} inited 
2019-07-09 11:52:44.600 INFO       [ main ] com.alibaba.druid.pool.DruidDataSource             -> 1948 ： {dataSource-1} closing ... 
2019-07-09 11:52:44.601 INFO       [ main ] com.alibaba.druid.pool.DruidDataSource             -> 2020 ： {dataSource-1} closed 
2019-07-09 11:59:11.323 INFO       [ main ] com.dev.DevloperMineApplicationTests               ->   50 ： Starting DevloperMineApplicationTests on PC-20181016FVVR with PID 4688 (started by Administrator in D:\IntelliJWorkSp\devloper-mine) 
2019-07-09 11:59:11.325 INFO       [ main ] com.dev.DevloperMineApplicationTests               ->  675 ： No active profile set, falling back to default profiles: default 
2019-07-09 11:59:12.318 INFO       [ main ] com.alibaba.druid.spring.boot.autoconfigure.DruidDataSourceAutoConfigure ->   56 ： Init DruidDataSource 
2019-07-09 11:59:12.449 INFO       [ main ] com.alibaba.druid.pool.DruidDataSource             -> 1003 ： {dataSource-1} inited 
2019-07-09 11:59:12.756 INFO       [ main ] com.alibaba.druid.pool.DruidDataSource             -> 1948 ： {dataSource-1} closing ... 
2019-07-09 11:59:12.757 INFO       [ main ] com.alibaba.druid.pool.DruidDataSource             -> 2020 ： {dataSource-1} closed 
2019-07-09 11:59:37.326 INFO       [ main ] com.dev.DevloperMineApplicationTests               ->   50 ： Starting DevloperMineApplicationTests on PC-20181016FVVR with PID 9244 (started by Administrator in D:\IntelliJWorkSp\devloper-mine) 
2019-07-09 11:59:37.329 INFO       [ main ] com.dev.DevloperMineApplicationTests               ->  675 ： No active profile set, falling back to default profiles: default 
2019-07-09 11:59:38.400 INFO       [ main ] com.alibaba.druid.spring.boot.autoconfigure.DruidDataSourceAutoConfigure ->   56 ： Init DruidDataSource 
2019-07-09 11:59:38.527 INFO       [ main ] com.alibaba.druid.pool.DruidDataSource             -> 1003 ： {dataSource-1} inited 
2019-07-09 11:59:39.926 INFO       [ main ] com.dev.DevloperMineApplicationTests               ->   59 ： Started DevloperMineApplicationTests in 3.094 seconds (JVM running for 3.757) 
2019-07-09 11:59:40.550 INFO       [ Thread-2 ] com.alibaba.druid.pool.DruidDataSource             -> 1948 ： {dataSource-1} closing ... 
2019-07-09 11:59:40.559 INFO       [ Thread-2 ] com.alibaba.druid.pool.DruidDataSource             -> 2020 ： {dataSource-1} closed 
2019-07-09 11:59:49.538 INFO       [ main ] com.dev.DevloperMineApplicationTests               ->   50 ： Starting DevloperMineApplicationTests on PC-20181016FVVR with PID 10532 (started by Administrator in D:\IntelliJWorkSp\devloper-mine) 
2019-07-09 11:59:49.540 INFO       [ main ] com.dev.DevloperMineApplicationTests               ->  675 ： No active profile set, falling back to default profiles: default 
2019-07-09 11:59:50.613 INFO       [ main ] com.alibaba.druid.spring.boot.autoconfigure.DruidDataSourceAutoConfigure ->   56 ： Init DruidDataSource 
2019-07-09 11:59:50.763 INFO       [ main ] com.alibaba.druid.pool.DruidDataSource             -> 1003 ： {dataSource-1} inited 
2019-07-09 11:59:51.898 INFO       [ main ] com.dev.DevloperMineApplicationTests               ->   59 ： Started DevloperMineApplicationTests in 2.899 seconds (JVM running for 3.533) 
2019-07-09 11:59:52.255 INFO       [ Thread-2 ] com.alibaba.druid.pool.DruidDataSource             -> 1948 ： {dataSource-1} closing ... 
2019-07-09 11:59:52.263 INFO       [ Thread-2 ] com.alibaba.druid.pool.DruidDataSource             -> 2020 ： {dataSource-1} closed 
2019-07-09 14:37:53.255 INFO       [ main ] com.dev.DevloperMineApplicationTests               ->   50 ： Starting DevloperMineApplicationTests on PC-20181016FVVR with PID 10332 (started by Administrator in D:\IntelliJWorkSp\devloper-mine) 
2019-07-09 14:37:53.261 INFO       [ main ] com.dev.DevloperMineApplicationTests               ->  675 ： No active profile set, falling back to default profiles: default 
2019-07-09 14:37:54.537 INFO       [ main ] com.alibaba.druid.spring.boot.autoconfigure.DruidDataSourceAutoConfigure ->   56 ： Init DruidDataSource 
2019-07-09 14:37:54.781 INFO       [ main ] com.alibaba.druid.pool.DruidDataSource             -> 1003 ： {dataSource-1} inited 
2019-07-09 14:37:56.428 INFO       [ main ] com.dev.DevloperMineApplicationTests               ->   59 ： Started DevloperMineApplicationTests in 3.649 seconds (JVM running for 4.682) 
2019-07-09 14:37:57.249 INFO       [ Thread-2 ] com.alibaba.druid.pool.DruidDataSource             -> 1948 ： {dataSource-1} closing ... 
2019-07-09 14:37:57.268 INFO       [ Thread-2 ] com.alibaba.druid.pool.DruidDataSource             -> 2020 ： {dataSource-1} closed 
2019-07-09 14:38:19.110 INFO       [ main ] com.dev.DevloperMineApplicationTests               ->   50 ： Starting DevloperMineApplicationTests on PC-20181016FVVR with PID 9152 (started by Administrator in D:\IntelliJWorkSp\devloper-mine) 
2019-07-09 14:38:19.112 INFO       [ main ] com.dev.DevloperMineApplicationTests               ->  675 ： No active profile set, falling back to default profiles: default 
2019-07-09 14:38:20.488 INFO       [ main ] com.alibaba.druid.spring.boot.autoconfigure.DruidDataSourceAutoConfigure ->   56 ： Init DruidDataSource 
2019-07-09 14:38:20.615 INFO       [ main ] com.alibaba.druid.pool.DruidDataSource             -> 1003 ： {dataSource-1} inited 
2019-07-09 14:38:21.862 INFO       [ main ] com.dev.DevloperMineApplicationTests               ->   59 ： Started DevloperMineApplicationTests in 3.258 seconds (JVM running for 4.151) 
2019-07-09 14:38:23.113 INFO       [ Thread-2 ] com.alibaba.druid.pool.DruidDataSource             -> 1948 ： {dataSource-1} closing ... 
2019-07-09 14:38:23.133 INFO       [ Thread-2 ] com.alibaba.druid.pool.DruidDataSource             -> 2020 ： {dataSource-1} closed 
2019-07-09 14:42:58.442 INFO       [ main ] com.dev.DevloperMineApplicationTests               ->   50 ： Starting DevloperMineApplicationTests on PC-20181016FVVR with PID 9684 (started by Administrator in D:\IntelliJWorkSp\devloper-mine) 
2019-07-09 14:42:58.451 INFO       [ main ] com.dev.DevloperMineApplicationTests               ->  675 ： No active profile set, falling back to default profiles: default 
2019-07-09 14:43:01.925 INFO       [ main ] com.alibaba.druid.spring.boot.autoconfigure.DruidDataSourceAutoConfigure ->   56 ： Init DruidDataSource 
2019-07-09 14:43:02.194 INFO       [ main ] com.alibaba.druid.pool.DruidDataSource             -> 1003 ： {dataSource-1} inited 
2019-07-09 14:43:04.046 INFO       [ main ] com.dev.DevloperMineApplicationTests               ->   59 ： Started DevloperMineApplicationTests in 6.084 seconds (JVM running for 7.293) 
2019-07-09 14:43:05.143 INFO       [ Thread-2 ] com.alibaba.druid.pool.DruidDataSource             -> 1948 ： {dataSource-1} closing ... 
2019-07-09 14:43:05.157 INFO       [ Thread-2 ] com.alibaba.druid.pool.DruidDataSource             -> 2020 ： {dataSource-1} closed 
2019-07-09 14:43:44.984 INFO       [ main ] com.dev.DevloperMineApplicationTests               ->   50 ： Starting DevloperMineApplicationTests on PC-20181016FVVR with PID 2080 (started by Administrator in D:\IntelliJWorkSp\devloper-mine) 
2019-07-09 14:43:44.987 INFO       [ main ] com.dev.DevloperMineApplicationTests               ->  675 ： No active profile set, falling back to default profiles: default 
2019-07-09 14:43:46.224 INFO       [ main ] com.alibaba.druid.spring.boot.autoconfigure.DruidDataSourceAutoConfigure ->   56 ： Init DruidDataSource 
2019-07-09 14:43:46.427 INFO       [ main ] com.alibaba.druid.pool.DruidDataSource             -> 1003 ： {dataSource-1} inited 
2019-07-09 14:43:47.927 INFO       [ main ] com.dev.DevloperMineApplicationTests               ->   59 ： Started DevloperMineApplicationTests in 3.422 seconds (JVM running for 4.452) 
2019-07-09 14:43:48.552 INFO       [ Thread-2 ] com.alibaba.druid.pool.DruidDataSource             -> 1948 ： {dataSource-1} closing ... 
2019-07-09 14:43:48.561 INFO       [ Thread-2 ] com.alibaba.druid.pool.DruidDataSource             -> 2020 ： {dataSource-1} closed 
2019-07-09 14:44:27.088 INFO       [ main ] com.dev.DevloperMineApplicationTests               ->   50 ： Starting DevloperMineApplicationTests on PC-20181016FVVR with PID 5780 (started by Administrator in D:\IntelliJWorkSp\devloper-mine) 
2019-07-09 14:44:27.090 INFO       [ main ] com.dev.DevloperMineApplicationTests               ->  675 ： No active profile set, falling back to default profiles: default 
2019-07-09 14:44:28.177 INFO       [ main ] com.alibaba.druid.spring.boot.autoconfigure.DruidDataSourceAutoConfigure ->   56 ： Init DruidDataSource 
2019-07-09 14:44:28.320 INFO       [ main ] com.alibaba.druid.pool.DruidDataSource             -> 1003 ： {dataSource-1} inited 
2019-07-09 14:44:29.408 INFO       [ main ] com.dev.DevloperMineApplicationTests               ->   59 ： Started DevloperMineApplicationTests in 2.778 seconds (JVM running for 3.484) 
2019-07-09 14:44:30.029 INFO       [ Thread-2 ] com.alibaba.druid.pool.DruidDataSource             -> 1948 ： {dataSource-1} closing ... 
2019-07-09 14:44:30.035 INFO       [ Thread-2 ] com.alibaba.druid.pool.DruidDataSource             -> 2020 ： {dataSource-1} closed 
2019-07-09 14:45:31.697 INFO       [ main ] com.dev.DevloperMineApplicationTests               ->   50 ： Starting DevloperMineApplicationTests on PC-20181016FVVR with PID 9444 (started by Administrator in D:\IntelliJWorkSp\devloper-mine) 
2019-07-09 14:45:31.699 INFO       [ main ] com.dev.DevloperMineApplicationTests               ->  675 ： No active profile set, falling back to default profiles: default 
2019-07-09 14:45:32.714 INFO       [ main ] com.alibaba.druid.spring.boot.autoconfigure.DruidDataSourceAutoConfigure ->   56 ： Init DruidDataSource 
2019-07-09 14:45:32.855 INFO       [ main ] com.alibaba.druid.pool.DruidDataSource             -> 1003 ： {dataSource-1} inited 
2019-07-09 14:45:33.936 INFO       [ main ] com.dev.DevloperMineApplicationTests               ->   59 ： Started DevloperMineApplicationTests in 2.791 seconds (JVM running for 3.524) 
2019-07-09 14:45:34.469 INFO       [ Thread-2 ] com.alibaba.druid.pool.DruidDataSource             -> 1948 ： {dataSource-1} closing ... 
2019-07-09 14:45:34.476 INFO       [ Thread-2 ] com.alibaba.druid.pool.DruidDataSource             -> 2020 ： {dataSource-1} closed 
