2019-07-12 10:07:01.890 INFO       [ main ] com.dev.DevloperMineApplicationTests               ->   50 ： Starting DevloperMineApplicationTests on PC-20181016FVVR with PID 7364 (started by Administrator in D:\IntelliJWorkSp\devloper-mine) 
2019-07-12 10:07:01.892 INFO       [ main ] com.dev.DevloperMineApplicationTests               ->  675 ： No active profile set, falling back to default profiles: default 
2019-07-12 10:07:03.142 INFO       [ main ] com.alibaba.druid.spring.boot.autoconfigure.DruidDataSourceAutoConfigure ->   56 ： Init DruidDataSource 
2019-07-12 10:07:03.329 INFO       [ main ] com.alibaba.druid.pool.DruidDataSource             -> 1003 ： {dataSource-1} inited 
2019-07-12 10:07:04.668 INFO       [ main ] com.dev.DevloperMineApplicationTests               ->   59 ： Started DevloperMineApplicationTests in 3.256 seconds (JVM running for 4.203) 
2019-07-12 10:07:05.185 INFO       [ Thread-2 ] com.alibaba.druid.pool.DruidDataSource             -> 1948 ： {dataSource-1} closing ... 
2019-07-12 10:07:05.200 INFO       [ Thread-2 ] com.alibaba.druid.pool.DruidDataSource             -> 2020 ： {dataSource-1} closed 
2019-07-12 10:16:14.521 INFO       [ main ] com.dev.DevloperMineApplicationTests               ->   50 ： Starting DevloperMineApplicationTests on PC-20181016FVVR with PID 1652 (started by Administrator in D:\IntelliJWorkSp\devloper-mine) 
2019-07-12 10:16:14.523 INFO       [ main ] com.dev.DevloperMineApplicationTests               ->  675 ： No active profile set, falling back to default profiles: default 
2019-07-12 10:16:15.562 INFO       [ main ] com.alibaba.druid.spring.boot.autoconfigure.DruidDataSourceAutoConfigure ->   56 ： Init DruidDataSource 
2019-07-12 10:16:15.694 INFO       [ main ] com.alibaba.druid.pool.DruidDataSource             -> 1003 ： {dataSource-1} inited 
2019-07-12 10:16:16.738 INFO       [ main ] com.dev.DevloperMineApplicationTests               ->   59 ： Started DevloperMineApplicationTests in 2.87 seconds (JVM running for 3.545) 
2019-07-12 10:16:17.151 INFO       [ Thread-2 ] com.alibaba.druid.pool.DruidDataSource             -> 1948 ： {dataSource-1} closing ... 
2019-07-12 10:16:17.160 INFO       [ Thread-2 ] com.alibaba.druid.pool.DruidDataSource             -> 2020 ： {dataSource-1} closed 
2019-07-12 17:43:28.271 INFO       [ main ] com.dev.DevloperMineApplicationTests               ->   50 ： Starting DevloperMineApplicationTests on PC-20181016FVVR with PID 10016 (started by Administrator in D:\IntelliJWorkSp\devloper-mine) 
2019-07-12 17:43:28.284 INFO       [ main ] com.dev.DevloperMineApplicationTests               ->  675 ： No active profile set, falling back to default profiles: default 
2019-07-12 17:43:29.466 INFO       [ main ] com.alibaba.druid.spring.boot.autoconfigure.DruidDataSourceAutoConfigure ->   56 ： Init DruidDataSource 
2019-07-12 17:43:29.626 INFO       [ main ] com.alibaba.druid.pool.DruidDataSource             -> 1003 ： {dataSource-1} inited 
2019-07-12 17:43:30.875 INFO       [ main ] com.dev.DevloperMineApplicationTests               ->   59 ： Started DevloperMineApplicationTests in 3.053 seconds (JVM running for 4.142) 
2019-07-12 17:43:31.644 INFO       [ Thread-2 ] com.alibaba.druid.pool.DruidDataSource             -> 1948 ： {dataSource-1} closing ... 
2019-07-12 17:43:31.651 INFO       [ Thread-2 ] com.alibaba.druid.pool.DruidDataSource             -> 2020 ： {dataSource-1} closed 
2019-07-12 17:45:23.615 INFO       [ main ] com.dev.DevloperMineApplicationTests               ->   50 ： Starting DevloperMineApplicationTests on PC-20181016FVVR with PID 11496 (started by Administrator in D:\IntelliJWorkSp\devloper-mine) 
2019-07-12 17:45:23.618 INFO       [ main ] com.dev.DevloperMineApplicationTests               ->  675 ： No active profile set, falling back to default profiles: default 
2019-07-12 17:45:24.658 INFO       [ main ] com.alibaba.druid.spring.boot.autoconfigure.DruidDataSourceAutoConfigure ->   56 ： Init DruidDataSource 
2019-07-12 17:45:24.796 INFO       [ main ] com.alibaba.druid.pool.DruidDataSource             -> 1003 ： {dataSource-1} inited 
2019-07-12 17:45:26.001 INFO       [ main ] com.dev.DevloperMineApplicationTests               ->   59 ： Started DevloperMineApplicationTests in 3.074 seconds (JVM running for 3.874) 
2019-07-12 17:45:26.458 INFO       [ Thread-2 ] com.alibaba.druid.pool.DruidDataSource             -> 1948 ： {dataSource-1} closing ... 
2019-07-12 17:45:26.464 INFO       [ Thread-2 ] com.alibaba.druid.pool.DruidDataSource             -> 2020 ： {dataSource-1} closed 
2019-07-12 17:53:14.670 INFO       [ main ] com.dev.DevloperMineApplicationTests               ->   50 ： Starting DevloperMineApplicationTests on PC-20181016FVVR with PID 4692 (started by Administrator in D:\IntelliJWorkSp\devloper-mine) 
2019-07-12 17:53:14.672 INFO       [ main ] com.dev.DevloperMineApplicationTests               ->  675 ： No active profile set, falling back to default profiles: default 
2019-07-12 17:53:15.746 INFO       [ main ] com.alibaba.druid.spring.boot.autoconfigure.DruidDataSourceAutoConfigure ->   56 ： Init DruidDataSource 
2019-07-12 17:53:15.878 INFO       [ main ] com.alibaba.druid.pool.DruidDataSource             -> 1003 ： {dataSource-1} inited 
2019-07-12 17:53:17.138 INFO       [ main ] com.dev.DevloperMineApplicationTests               ->   59 ： Started DevloperMineApplicationTests in 2.973 seconds (JVM running for 3.62) 
2019-07-12 17:53:17.334 INFO       [ main ] com.dev.config.TestAop                             ->   40 ： aop arrounding ： {} 
2019-07-12 17:53:17.335 INFO       [ main ] com.dev.config.TestAop                             ->   29 ： aop after ： {} 
2019-07-12 17:53:17.338 INFO       [ main ] com.dev.config.TestAop                             ->   35 ： aop afterReturnning ： [],List tk.mybatis.mapper.common.base.select.SelectAllMapper.selectAll() 
2019-07-12 17:53:17.349 INFO       [ Thread-2 ] com.alibaba.druid.pool.DruidDataSource             -> 1948 ： {dataSource-1} closing ... 
2019-07-12 17:53:17.350 INFO       [ Thread-2 ] com.alibaba.druid.pool.DruidDataSource             -> 2020 ： {dataSource-1} closed 
