2019-07-15 09:58:52.184 INFO       [ main ] com.dev.DevloperMineApplicationTests               ->   50 ： Starting DevloperMineApplicationTests on PC-20181016FVVR with PID 6960 (started by Administrator in D:\IntelliJWorkSp\devloper-mine) 
2019-07-15 09:58:52.186 INFO       [ main ] com.dev.DevloperMineApplicationTests               ->  675 ： No active profile set, falling back to default profiles: default 
2019-07-15 09:58:53.614 INFO       [ main ] com.alibaba.druid.spring.boot.autoconfigure.DruidDataSourceAutoConfigure ->   56 ： Init DruidDataSource 
2019-07-15 09:58:53.826 INFO       [ main ] com.alibaba.druid.pool.DruidDataSource             -> 1003 ： {dataSource-1} inited 
2019-07-15 09:58:55.375 INFO       [ main ] com.dev.DevloperMineApplicationTests               ->   59 ： Started DevloperMineApplicationTests in 3.582 seconds (JVM running for 4.712) 
2019-07-15 09:58:55.712 INFO       [ main ] com.dev.config.TestAop                             ->   40 ： aop arrounding ： {} 
2019-07-15 09:58:55.713 INFO       [ main ] com.dev.config.TestAop                             ->   29 ： aop after ： {} 
2019-07-15 09:58:55.714 INFO       [ main ] com.dev.config.TestAop                             ->   35 ： aop afterReturnning ： [],List tk.mybatis.mapper.common.base.select.SelectAllMapper.selectAll() 
2019-07-15 09:58:55.724 INFO       [ Thread-2 ] com.alibaba.druid.pool.DruidDataSource             -> 1948 ： {dataSource-1} closing ... 
2019-07-15 09:58:55.725 INFO       [ Thread-2 ] com.alibaba.druid.pool.DruidDataSource             -> 2020 ： {dataSource-1} closed 
2019-07-15 10:35:26.290 INFO       [ main ] com.dev.DevloperMineApplicationTests               ->   50 ： Starting DevloperMineApplicationTests on PC-20181016FVVR with PID 8844 (started by Administrator in D:\IntelliJWorkSp\devloper-mine) 
2019-07-15 10:35:26.312 INFO       [ main ] com.dev.DevloperMineApplicationTests               ->  675 ： No active profile set, falling back to default profiles: default 
2019-07-15 10:35:28.102 INFO       [ main ] com.alibaba.druid.spring.boot.autoconfigure.DruidDataSourceAutoConfigure ->   56 ： Init DruidDataSource 
2019-07-15 10:35:28.325 INFO       [ main ] com.alibaba.druid.pool.DruidDataSource             -> 1003 ： {dataSource-1} inited 
2019-07-15 10:35:30.275 INFO       [ main ] com.dev.DevloperMineApplicationTests               ->   59 ： Started DevloperMineApplicationTests in 4.48 seconds (JVM running for 5.601) 
2019-07-15 10:35:30.619 INFO       [ main ] com.dev.config.TestAop                             ->   40 ： aop arrounding ： {} 
2019-07-15 10:35:30.619 INFO       [ main ] com.dev.config.TestAop                             ->   29 ： aop after ： {} 
2019-07-15 10:35:30.622 INFO       [ main ] com.dev.config.TestAop                             ->   35 ： aop afterReturnning ： [],List tk.mybatis.mapper.common.base.select.SelectAllMapper.selectAll() 
2019-07-15 10:35:30.654 INFO       [ Thread-2 ] com.alibaba.druid.pool.DruidDataSource             -> 1948 ： {dataSource-1} closing ... 
2019-07-15 10:35:30.655 INFO       [ Thread-2 ] com.alibaba.druid.pool.DruidDataSource             -> 2020 ： {dataSource-1} closed 
2019-07-15 10:40:07.539 INFO       [ main ] com.dev.DevloperMineApplicationTests               ->   50 ： Starting DevloperMineApplicationTests on PC-20181016FVVR with PID 10036 (started by Administrator in D:\IntelliJWorkSp\devloper-mine) 
2019-07-15 10:40:07.544 INFO       [ main ] com.dev.DevloperMineApplicationTests               ->  675 ： No active profile set, falling back to default profiles: default 
2019-07-15 10:40:08.976 INFO       [ main ] com.alibaba.druid.spring.boot.autoconfigure.DruidDataSourceAutoConfigure ->   56 ： Init DruidDataSource 
2019-07-15 10:40:09.132 INFO       [ main ] com.alibaba.druid.pool.DruidDataSource             -> 1003 ： {dataSource-1} inited 
2019-07-15 10:40:10.391 INFO       [ main ] com.dev.DevloperMineApplicationTests               ->   59 ： Started DevloperMineApplicationTests in 3.659 seconds (JVM running for 4.46) 
2019-07-15 10:40:11.047 INFO       [ Thread-2 ] com.alibaba.druid.pool.DruidDataSource             -> 1948 ： {dataSource-1} closing ... 
2019-07-15 10:40:11.067 INFO       [ Thread-2 ] com.alibaba.druid.pool.DruidDataSource             -> 2020 ： {dataSource-1} closed 
2019-07-15 10:40:42.296 INFO       [ main ] com.dev.DevloperMineApplicationTests               ->   50 ： Starting DevloperMineApplicationTests on PC-20181016FVVR with PID 5940 (started by Administrator in D:\IntelliJWorkSp\devloper-mine) 
2019-07-15 10:40:42.298 INFO       [ main ] com.dev.DevloperMineApplicationTests               ->  675 ： No active profile set, falling back to default profiles: default 
2019-07-15 10:40:43.927 INFO       [ main ] com.alibaba.druid.spring.boot.autoconfigure.DruidDataSourceAutoConfigure ->   56 ： Init DruidDataSource 
2019-07-15 10:40:44.083 INFO       [ main ] com.alibaba.druid.pool.DruidDataSource             -> 1003 ： {dataSource-1} inited 
2019-07-15 10:40:45.465 INFO       [ main ] com.dev.DevloperMineApplicationTests               ->   59 ： Started DevloperMineApplicationTests in 3.757 seconds (JVM running for 4.5) 
2019-07-15 10:40:45.768 INFO       [ main ] com.dev.config.TestAop                             ->   40 ： aop arrounding ： {} 
2019-07-15 10:40:45.769 INFO       [ main ] com.dev.config.TestAop                             ->   29 ： aop after ： {} 
2019-07-15 10:40:45.771 INFO       [ main ] com.dev.config.TestAop                             ->   35 ： aop afterReturnning ： [],List tk.mybatis.mapper.common.base.select.SelectAllMapper.selectAll() 
2019-07-15 10:40:45.781 INFO       [ Thread-2 ] com.alibaba.druid.pool.DruidDataSource             -> 1948 ： {dataSource-1} closing ... 
2019-07-15 10:40:45.782 INFO       [ Thread-2 ] com.alibaba.druid.pool.DruidDataSource             -> 2020 ： {dataSource-1} closed 
2019-07-15 11:00:34.591 INFO       [ main ] com.dev.DevloperMineApplicationTests               ->   50 ： Starting DevloperMineApplicationTests on PC-20181016FVVR with PID 9792 (started by Administrator in D:\IntelliJWorkSp\devloper-mine) 
2019-07-15 11:00:34.594 INFO       [ main ] com.dev.DevloperMineApplicationTests               ->  675 ： No active profile set, falling back to default profiles: default 
2019-07-15 11:00:35.937 INFO       [ main ] com.alibaba.druid.spring.boot.autoconfigure.DruidDataSourceAutoConfigure ->   56 ： Init DruidDataSource 
2019-07-15 11:00:36.093 INFO       [ main ] com.alibaba.druid.pool.DruidDataSource             -> 1003 ： {dataSource-1} inited 
2019-07-15 11:00:37.496 INFO       [ main ] com.dev.DevloperMineApplicationTests               ->   59 ： Started DevloperMineApplicationTests in 3.471 seconds (JVM running for 4.342) 
2019-07-15 11:00:37.692 INFO       [ main ] com.dev.config.TestAop                             ->   57 ： aop arrounding ： {} 
2019-07-15 11:00:37.692 INFO       [ main ] com.dev.config.TestAop                             ->   40 ： aop after ： {} 
2019-07-15 11:00:37.694 INFO       [ main ] com.dev.config.TestAop                             ->   49 ： aop afterReturnning ：返回类型：List com.dev.service.AopiService.getList() 
2019-07-15 11:00:37.701 INFO       [ Thread-2 ] com.alibaba.druid.pool.DruidDataSource             -> 1948 ： {dataSource-1} closing ... 
2019-07-15 11:00:37.702 INFO       [ Thread-2 ] com.alibaba.druid.pool.DruidDataSource             -> 2020 ： {dataSource-1} closed 
2019-07-15 11:01:44.382 INFO       [ main ] com.dev.DevloperMineApplicationTests               ->   50 ： Starting DevloperMineApplicationTests on PC-20181016FVVR with PID 7040 (started by Administrator in D:\IntelliJWorkSp\devloper-mine) 
2019-07-15 11:01:44.387 INFO       [ main ] com.dev.DevloperMineApplicationTests               ->  675 ： No active profile set, falling back to default profiles: default 
2019-07-15 11:01:45.666 INFO       [ main ] com.alibaba.druid.spring.boot.autoconfigure.DruidDataSourceAutoConfigure ->   56 ： Init DruidDataSource 
2019-07-15 11:01:45.829 INFO       [ main ] com.alibaba.druid.pool.DruidDataSource             -> 1003 ： {dataSource-1} inited 
2019-07-15 11:01:47.261 INFO       [ main ] com.dev.DevloperMineApplicationTests               ->   59 ： Started DevloperMineApplicationTests in 3.696 seconds (JVM running for 4.432) 
2019-07-15 11:01:47.432 INFO       [ main ] com.dev.config.TestAop                             ->   57 ： aop arrounding ： {} 
2019-07-15 11:01:47.432 INFO       [ main ] com.dev.config.TestAop                             ->   40 ： aop after ： {} 
2019-07-15 11:01:47.433 INFO       [ main ] com.dev.config.TestAop                             ->   49 ： aop afterReturnning ：返回类型：List com.dev.service.AopiService.getList() 
2019-07-15 11:01:47.439 INFO       [ Thread-2 ] com.alibaba.druid.pool.DruidDataSource             -> 1948 ： {dataSource-1} closing ... 
2019-07-15 11:01:47.440 INFO       [ Thread-2 ] com.alibaba.druid.pool.DruidDataSource             -> 2020 ： {dataSource-1} closed 
2019-07-15 11:02:20.611 INFO       [ main ] com.dev.DevloperMineApplicationTests               ->   50 ： Starting DevloperMineApplicationTests on PC-20181016FVVR with PID 6268 (started by Administrator in D:\IntelliJWorkSp\devloper-mine) 
2019-07-15 11:02:20.614 INFO       [ main ] com.dev.DevloperMineApplicationTests               ->  675 ： No active profile set, falling back to default profiles: default 
2019-07-15 11:02:21.883 INFO       [ main ] com.alibaba.druid.spring.boot.autoconfigure.DruidDataSourceAutoConfigure ->   56 ： Init DruidDataSource 
2019-07-15 11:02:22.028 INFO       [ main ] com.alibaba.druid.pool.DruidDataSource             -> 1003 ： {dataSource-1} inited 
2019-07-15 11:02:23.316 INFO       [ main ] com.dev.DevloperMineApplicationTests               ->   59 ： Started DevloperMineApplicationTests in 3.266 seconds (JVM running for 4.069) 
2019-07-15 11:02:23.486 INFO       [ main ] com.dev.config.TestAop                             ->   57 ： aop arrounding ： {} 
2019-07-15 11:02:23.486 INFO       [ main ] com.dev.config.TestAop                             ->   40 ： aop after ： {} 
2019-07-15 11:02:23.488 INFO       [ main ] com.dev.config.TestAop                             ->   49 ： aop afterReturnning ：返回类型：List com.dev.service.AopiService.getList() 
2019-07-15 11:02:23.534 INFO       [ Thread-2 ] com.alibaba.druid.pool.DruidDataSource             -> 1948 ： {dataSource-1} closing ... 
2019-07-15 11:02:23.536 INFO       [ Thread-2 ] com.alibaba.druid.pool.DruidDataSource             -> 2020 ： {dataSource-1} closed 
2019-07-15 11:02:30.518 INFO       [ main ] com.dev.DevloperMineApplicationTests               ->   50 ： Starting DevloperMineApplicationTests on PC-20181016FVVR with PID 9768 (started by Administrator in D:\IntelliJWorkSp\devloper-mine) 
2019-07-15 11:02:30.519 INFO       [ main ] com.dev.DevloperMineApplicationTests               ->  675 ： No active profile set, falling back to default profiles: default 
2019-07-15 11:02:32.091 INFO       [ main ] com.alibaba.druid.spring.boot.autoconfigure.DruidDataSourceAutoConfigure ->   56 ： Init DruidDataSource 
2019-07-15 11:02:32.353 INFO       [ main ] com.alibaba.druid.pool.DruidDataSource             -> 1003 ： {dataSource-1} inited 
2019-07-15 11:02:34.071 INFO       [ main ] com.dev.DevloperMineApplicationTests               ->   59 ： Started DevloperMineApplicationTests in 3.958 seconds (JVM running for 5.688) 
2019-07-15 11:02:34.276 INFO       [ main ] com.dev.config.TestAop                             ->   57 ： aop arrounding ： {} 
2019-07-15 11:02:34.277 INFO       [ main ] com.dev.config.TestAop                             ->   40 ： aop after ： {} 
2019-07-15 11:02:34.279 INFO       [ main ] com.dev.config.TestAop                             ->   49 ： aop afterReturnning ：返回类型：List com.dev.service.AopiService.getList() 
2019-07-15 11:02:34.291 INFO       [ Thread-2 ] com.alibaba.druid.pool.DruidDataSource             -> 1948 ： {dataSource-1} closing ... 
2019-07-15 11:02:34.293 INFO       [ Thread-2 ] com.alibaba.druid.pool.DruidDataSource             -> 2020 ： {dataSource-1} closed 
2019-07-15 11:15:28.704 INFO       [ main ] com.dev.DevloperMineApplicationTests               ->   50 ： Starting DevloperMineApplicationTests on PC-20181016FVVR with PID 9876 (started by Administrator in D:\IntelliJWorkSp\devloper-mine) 
2019-07-15 11:15:28.706 INFO       [ main ] com.dev.DevloperMineApplicationTests               ->  675 ： No active profile set, falling back to default profiles: default 
2019-07-15 11:15:30.369 INFO       [ main ] com.alibaba.druid.spring.boot.autoconfigure.DruidDataSourceAutoConfigure ->   56 ： Init DruidDataSource 
2019-07-15 11:15:30.612 INFO       [ main ] com.alibaba.druid.pool.DruidDataSource             -> 1003 ： {dataSource-1} inited 
2019-07-15 11:15:32.700 INFO       [ main ] com.dev.DevloperMineApplicationTests               ->   59 ： Started DevloperMineApplicationTests in 4.625 seconds (JVM running for 5.753) 
2019-07-15 11:15:32.893 INFO       [ main ] com.dev.config.TestAop                             ->   57 ： aop arrounding ： {} 
2019-07-15 11:15:32.893 INFO       [ main ] com.dev.config.TestAop                             ->   40 ： aop after ： {} 
2019-07-15 11:15:32.895 INFO       [ main ] com.dev.config.TestAop                             ->   49 ： aop afterReturnning ：返回类型：List com.dev.service.AopiService.getList() 
2019-07-15 11:15:32.906 INFO       [ Thread-2 ] com.alibaba.druid.pool.DruidDataSource             -> 1948 ： {dataSource-1} closing ... 
2019-07-15 11:15:32.908 INFO       [ Thread-2 ] com.alibaba.druid.pool.DruidDataSource             -> 2020 ： {dataSource-1} closed 
2019-07-15 11:18:29.821 INFO       [ main ] com.dev.DevloperMineApplicationTests               ->   50 ： Starting DevloperMineApplicationTests on PC-20181016FVVR with PID 9676 (started by Administrator in D:\IntelliJWorkSp\devloper-mine) 
2019-07-15 11:18:29.824 INFO       [ main ] com.dev.DevloperMineApplicationTests               ->  675 ： No active profile set, falling back to default profiles: default 
2019-07-15 11:18:31.159 INFO       [ main ] com.alibaba.druid.spring.boot.autoconfigure.DruidDataSourceAutoConfigure ->   56 ： Init DruidDataSource 
2019-07-15 11:18:31.365 INFO       [ main ] com.alibaba.druid.pool.DruidDataSource             -> 1003 ： {dataSource-1} inited 
2019-07-15 11:18:32.835 INFO       [ main ] com.dev.DevloperMineApplicationTests               ->   59 ： Started DevloperMineApplicationTests in 3.613 seconds (JVM running for 4.399) 
2019-07-15 11:18:33.060 INFO       [ main ] com.dev.config.TestAop                             ->   57 ： aop arrounding ： {} 
2019-07-15 11:18:33.060 INFO       [ main ] com.dev.config.TestAop                             ->   40 ： aop after ： {} 
2019-07-15 11:18:33.062 INFO       [ main ] com.dev.config.TestAop                             ->   49 ： aop afterReturnning ：返回类型：List com.dev.service.AopiService.getList() 
2019-07-15 11:18:33.069 INFO       [ Thread-2 ] com.alibaba.druid.pool.DruidDataSource             -> 1948 ： {dataSource-1} closing ... 
2019-07-15 11:18:33.070 INFO       [ Thread-2 ] com.alibaba.druid.pool.DruidDataSource             -> 2020 ： {dataSource-1} closed 
2019-07-15 11:33:45.577 INFO       [ main ] com.dev.DevloperMineApplicationTests               ->   50 ： Starting DevloperMineApplicationTests on PC-20181016FVVR with PID 8844 (started by Administrator in D:\IntelliJWorkSp\devloper-mine) 
2019-07-15 11:33:45.579 INFO       [ main ] com.dev.DevloperMineApplicationTests               ->  675 ： No active profile set, falling back to default profiles: default 
2019-07-15 11:33:46.888 INFO       [ main ] com.alibaba.druid.spring.boot.autoconfigure.DruidDataSourceAutoConfigure ->   56 ： Init DruidDataSource 
2019-07-15 11:33:47.047 INFO       [ main ] com.alibaba.druid.pool.DruidDataSource             -> 1003 ： {dataSource-1} inited 
2019-07-15 11:33:48.383 INFO       [ main ] com.dev.DevloperMineApplicationTests               ->   59 ： Started DevloperMineApplicationTests in 3.527 seconds (JVM running for 4.305) 
2019-07-15 11:33:48.546 INFO       [ main ] com.dev.config.TestAop                             ->   59 ： aop arrounding ： {} 
2019-07-15 11:33:48.548 INFO       [ main ] com.dev.config.TestAop                             ->   40 ： aop afterReturnning ：返回类型：List com.dev.service.AopiService.getList() 
2019-07-15 11:33:48.550 INFO       [ main ] com.dev.config.TestAop                             ->   49 ： aop after returning ：null 
2019-07-15 11:33:48.558 INFO       [ Thread-2 ] com.alibaba.druid.pool.DruidDataSource             -> 1948 ： {dataSource-1} closing ... 
2019-07-15 11:33:48.560 INFO       [ Thread-2 ] com.alibaba.druid.pool.DruidDataSource             -> 2020 ： {dataSource-1} closed 
2019-07-15 11:36:03.696 INFO       [ main ] com.dev.DevloperMineApplicationTests               ->   50 ： Starting DevloperMineApplicationTests on PC-20181016FVVR with PID 9832 (started by Administrator in D:\IntelliJWorkSp\devloper-mine) 
2019-07-15 11:36:03.698 INFO       [ main ] com.dev.DevloperMineApplicationTests               ->  675 ： No active profile set, falling back to default profiles: default 
2019-07-15 11:36:04.817 INFO       [ main ] com.alibaba.druid.spring.boot.autoconfigure.DruidDataSourceAutoConfigure ->   56 ： Init DruidDataSource 
2019-07-15 11:36:04.963 INFO       [ main ] com.alibaba.druid.pool.DruidDataSource             -> 1003 ： {dataSource-1} inited 
2019-07-15 11:36:06.283 INFO       [ main ] com.dev.DevloperMineApplicationTests               ->   59 ： Started DevloperMineApplicationTests in 3.226 seconds (JVM running for 4.048) 
2019-07-15 11:36:06.443 INFO       [ main ] com.dev.config.TestAop                             ->   60 ： aop arrounding ： {} 
2019-07-15 11:36:06.444 INFO       [ main ] com.dev.config.TestAop                             ->   41 ： aop before return ：返回类型：List com.dev.service.AopiService.getList() 
2019-07-15 11:36:06.446 INFO       [ main ] com.dev.config.TestAop                             ->   50 ： aop after return ：返回结果：execution(List com.dev.service.AopiService.getList()) 
2019-07-15 11:36:06.484 INFO       [ Thread-2 ] com.alibaba.druid.pool.DruidDataSource             -> 1948 ： {dataSource-1} closing ... 
2019-07-15 11:36:06.485 INFO       [ Thread-2 ] com.alibaba.druid.pool.DruidDataSource             -> 2020 ： {dataSource-1} closed 
2019-07-15 11:36:39.576 INFO       [ main ] com.dev.DevloperMineApplicationTests               ->   50 ： Starting DevloperMineApplicationTests on PC-20181016FVVR with PID 9884 (started by Administrator in D:\IntelliJWorkSp\devloper-mine) 
2019-07-15 11:36:39.578 INFO       [ main ] com.dev.DevloperMineApplicationTests               ->  675 ： No active profile set, falling back to default profiles: default 
2019-07-15 11:36:40.967 INFO       [ main ] com.alibaba.druid.spring.boot.autoconfigure.DruidDataSourceAutoConfigure ->   56 ： Init DruidDataSource 
2019-07-15 11:36:41.119 INFO       [ main ] com.alibaba.druid.pool.DruidDataSource             -> 1003 ： {dataSource-1} inited 
2019-07-15 11:36:42.448 INFO       [ main ] com.dev.DevloperMineApplicationTests               ->   59 ： Started DevloperMineApplicationTests in 3.35 seconds (JVM running for 4.074) 
2019-07-15 11:36:42.646 INFO       [ main ] com.dev.config.TestAop                             ->   60 ： aop arrounding ： {} 
2019-07-15 11:36:42.648 INFO       [ main ] com.dev.config.TestAop                             ->   41 ： aop before return ：返回类型：List com.dev.service.AopiService.getList() 
2019-07-15 11:36:42.651 INFO       [ main ] com.dev.config.TestAop                             ->   50 ： aop after return ：返回结果：execution(List com.dev.service.AopiService.getList()) 
2019-07-15 11:36:42.671 INFO       [ Thread-2 ] com.alibaba.druid.pool.DruidDataSource             -> 1948 ： {dataSource-1} closing ... 
2019-07-15 11:36:42.674 INFO       [ Thread-2 ] com.alibaba.druid.pool.DruidDataSource             -> 2020 ： {dataSource-1} closed 
2019-07-15 11:38:25.253 INFO       [ main ] com.dev.DevloperMineApplicationTests               ->   50 ： Starting DevloperMineApplicationTests on PC-20181016FVVR with PID 1404 (started by Administrator in D:\IntelliJWorkSp\devloper-mine) 
2019-07-15 11:38:25.255 INFO       [ main ] com.dev.DevloperMineApplicationTests               ->  675 ： No active profile set, falling back to default profiles: default 
2019-07-15 11:38:26.498 INFO       [ main ] com.alibaba.druid.spring.boot.autoconfigure.DruidDataSourceAutoConfigure ->   56 ： Init DruidDataSource 
2019-07-15 11:38:26.640 INFO       [ main ] com.alibaba.druid.pool.DruidDataSource             -> 1003 ： {dataSource-1} inited 
2019-07-15 11:38:27.923 INFO       [ main ] com.dev.DevloperMineApplicationTests               ->   59 ： Started DevloperMineApplicationTests in 3.258 seconds (JVM running for 4.017) 
2019-07-15 11:38:28.088 INFO       [ main ] com.dev.config.TestAop                             ->   60 ： aop arrounding ： {} 
2019-07-15 11:38:28.091 INFO       [ main ] com.dev.config.TestAop                             ->   41 ： aop before return ：返回类型：List com.dev.service.AopiService.getList() 
2019-07-15 11:38:28.093 INFO       [ main ] com.dev.config.TestAop                             ->   50 ： aop after return ：返回结果：execution(List com.dev.service.AopiService.getList()) 
2019-07-15 11:38:28.105 INFO       [ Thread-2 ] com.alibaba.druid.pool.DruidDataSource             -> 1948 ： {dataSource-1} closing ... 
2019-07-15 11:38:28.106 INFO       [ Thread-2 ] com.alibaba.druid.pool.DruidDataSource             -> 2020 ： {dataSource-1} closed 
2019-07-15 11:39:48.679 INFO       [ main ] com.dev.DevloperMineApplicationTests               ->   50 ： Starting DevloperMineApplicationTests on PC-20181016FVVR with PID 1084 (started by Administrator in D:\IntelliJWorkSp\devloper-mine) 
2019-07-15 11:39:48.686 INFO       [ main ] com.dev.DevloperMineApplicationTests               ->  675 ： No active profile set, falling back to default profiles: default 
2019-07-15 11:39:49.946 INFO       [ main ] com.alibaba.druid.spring.boot.autoconfigure.DruidDataSourceAutoConfigure ->   56 ： Init DruidDataSource 
2019-07-15 11:39:50.088 INFO       [ main ] com.alibaba.druid.pool.DruidDataSource             -> 1003 ： {dataSource-1} inited 
2019-07-15 11:39:51.588 INFO       [ main ] com.dev.DevloperMineApplicationTests               ->   59 ： Started DevloperMineApplicationTests in 3.393 seconds (JVM running for 4.091) 
2019-07-15 11:39:51.755 INFO       [ main ] com.dev.config.TestAop                             ->   60 ： aop arrounding ：{} 
2019-07-15 11:39:51.756 INFO       [ main ] com.dev.config.TestAop                             ->   41 ： aop before return ：返回类型：List com.dev.service.AopiService.getList() 
2019-07-15 11:39:51.757 INFO       [ main ] com.dev.config.TestAop                             ->   50 ： aop after return ：返回结果：null 
2019-07-15 11:39:51.762 INFO       [ Thread-2 ] com.alibaba.druid.pool.DruidDataSource             -> 1948 ： {dataSource-1} closing ... 
2019-07-15 11:39:51.764 INFO       [ Thread-2 ] com.alibaba.druid.pool.DruidDataSource             -> 2020 ： {dataSource-1} closed 
2019-07-15 11:46:12.446 INFO       [ main ] com.dev.DevloperMineApplicationTests               ->   50 ： Starting DevloperMineApplicationTests on PC-20181016FVVR with PID 9280 (started by Administrator in D:\IntelliJWorkSp\devloper-mine) 
2019-07-15 11:46:12.448 INFO       [ main ] com.dev.DevloperMineApplicationTests               ->  675 ： No active profile set, falling back to default profiles: default 
2019-07-15 11:46:13.681 INFO       [ main ] com.alibaba.druid.spring.boot.autoconfigure.DruidDataSourceAutoConfigure ->   56 ： Init DruidDataSource 
2019-07-15 11:46:13.823 INFO       [ main ] com.alibaba.druid.pool.DruidDataSource             -> 1003 ： {dataSource-1} inited 
2019-07-15 11:46:15.110 INFO       [ main ] com.dev.DevloperMineApplicationTests               ->   59 ： Started DevloperMineApplicationTests in 3.27 seconds (JVM running for 3.992) 
2019-07-15 11:46:15.278 INFO       [ main ] com.dev.config.TestAop                             ->   60 ： aop arrounding ：{} 
2019-07-15 11:46:15.280 INFO       [ main ] com.dev.config.TestAop                             ->   41 ： aop before return ：返回类型：List com.dev.service.AopiService.getList() 
2019-07-15 11:46:15.282 INFO       [ main ] com.dev.config.TestAop                             ->   50 ： aop after return ：返回结果：null 
2019-07-15 11:46:15.290 INFO       [ Thread-2 ] com.alibaba.druid.pool.DruidDataSource             -> 1948 ： {dataSource-1} closing ... 
2019-07-15 11:46:15.292 INFO       [ Thread-2 ] com.alibaba.druid.pool.DruidDataSource             -> 2020 ： {dataSource-1} closed 
2019-07-15 11:47:50.147 INFO       [ main ] com.dev.DevloperMineApplicationTests               ->   50 ： Starting DevloperMineApplicationTests on PC-20181016FVVR with PID 10224 (started by Administrator in D:\IntelliJWorkSp\devloper-mine) 
2019-07-15 11:47:50.149 INFO       [ main ] com.dev.DevloperMineApplicationTests               ->  675 ： No active profile set, falling back to default profiles: default 
2019-07-15 11:47:51.403 INFO       [ main ] com.alibaba.druid.spring.boot.autoconfigure.DruidDataSourceAutoConfigure ->   56 ： Init DruidDataSource 
2019-07-15 11:47:51.584 INFO       [ main ] com.alibaba.druid.pool.DruidDataSource             -> 1003 ： {dataSource-1} inited 
2019-07-15 11:47:53.044 INFO       [ main ] com.dev.DevloperMineApplicationTests               ->   59 ： Started DevloperMineApplicationTests in 3.474 seconds (JVM running for 4.258) 
2019-07-15 11:47:53.230 INFO       [ main ] com.dev.config.TestAop                             ->   60 ： aop arrounding ：{} 
2019-07-15 11:47:53.232 INFO       [ main ] com.dev.config.TestAop                             ->   41 ： aop before return ：返回类型：List com.dev.service.AopiService.getList() 
2019-07-15 11:47:53.233 INFO       [ main ] com.dev.config.TestAop                             ->   50 ： aop after return ：返回结果：null 
2019-07-15 11:47:53.240 INFO       [ Thread-2 ] com.alibaba.druid.pool.DruidDataSource             -> 1948 ： {dataSource-1} closing ... 
2019-07-15 11:47:53.241 INFO       [ Thread-2 ] com.alibaba.druid.pool.DruidDataSource             -> 2020 ： {dataSource-1} closed 
2019-07-15 11:49:16.321 INFO       [ main ] com.dev.DevloperMineApplicationTests               ->   50 ： Starting DevloperMineApplicationTests on PC-20181016FVVR with PID 1892 (started by Administrator in D:\IntelliJWorkSp\devloper-mine) 
2019-07-15 11:49:16.322 INFO       [ main ] com.dev.DevloperMineApplicationTests               ->  675 ： No active profile set, falling back to default profiles: default 
2019-07-15 11:49:17.529 INFO       [ main ] com.alibaba.druid.spring.boot.autoconfigure.DruidDataSourceAutoConfigure ->   56 ： Init DruidDataSource 
2019-07-15 11:49:17.671 INFO       [ main ] com.alibaba.druid.pool.DruidDataSource             -> 1003 ： {dataSource-1} inited 
2019-07-15 11:49:18.967 INFO       [ main ] com.dev.DevloperMineApplicationTests               ->   59 ： Started DevloperMineApplicationTests in 3.318 seconds (JVM running for 4.067) 
2019-07-15 11:49:19.129 INFO       [ main ] com.dev.config.TestAop                             ->   60 ： aop arrounding ：{} 
2019-07-15 11:49:19.131 INFO       [ main ] com.dev.config.TestAop                             ->   41 ： aop before return ：返回类型：List com.dev.service.AopiService.getList() 
2019-07-15 11:49:19.132 INFO       [ main ] com.dev.config.TestAop                             ->   50 ： aop after return ：返回结果：execution(List com.dev.service.AopiService.getList()) 
2019-07-15 11:49:19.144 INFO       [ Thread-2 ] com.alibaba.druid.pool.DruidDataSource             -> 1948 ： {dataSource-1} closing ... 
2019-07-15 11:49:19.145 INFO       [ Thread-2 ] com.alibaba.druid.pool.DruidDataSource             -> 2020 ： {dataSource-1} closed 
2019-07-15 11:52:56.389 INFO       [ main ] com.dev.DevloperMineApplicationTests               ->   50 ： Starting DevloperMineApplicationTests on PC-20181016FVVR with PID 9232 (started by Administrator in D:\IntelliJWorkSp\devloper-mine) 
2019-07-15 11:52:56.392 INFO       [ main ] com.dev.DevloperMineApplicationTests               ->  675 ： No active profile set, falling back to default profiles: default 
2019-07-15 11:52:57.778 INFO       [ main ] com.alibaba.druid.spring.boot.autoconfigure.DruidDataSourceAutoConfigure ->   56 ： Init DruidDataSource 
2019-07-15 11:52:57.913 INFO       [ main ] com.alibaba.druid.pool.DruidDataSource             -> 1003 ： {dataSource-1} inited 
2019-07-15 11:52:59.350 INFO       [ main ] com.dev.DevloperMineApplicationTests               ->   59 ： Started DevloperMineApplicationTests in 3.435 seconds (JVM running for 4.199) 
2019-07-15 11:52:59.521 INFO       [ main ] com.dev.config.TestAop                             ->   60 ： aop arrounding ：{} 
2019-07-15 11:52:59.522 INFO       [ main ] com.dev.config.TestAop                             ->   41 ： aop before return ：返回类型：List com.dev.service.AopiService.getList() 
2019-07-15 11:52:59.525 INFO       [ main ] com.dev.config.TestAop                             ->   50 ： aop after return ：返回结果：execution(List com.dev.service.AopiService.getList()) 
2019-07-15 11:52:59.594 INFO       [ Thread-2 ] com.alibaba.druid.pool.DruidDataSource             -> 1948 ： {dataSource-1} closing ... 
2019-07-15 11:52:59.595 INFO       [ Thread-2 ] com.alibaba.druid.pool.DruidDataSource             -> 2020 ： {dataSource-1} closed 
2019-07-15 11:56:22.056 INFO       [ main ] com.dev.DevloperMineApplicationTests               ->   50 ： Starting DevloperMineApplicationTests on PC-20181016FVVR with PID 7228 (started by Administrator in D:\IntelliJWorkSp\devloper-mine) 
2019-07-15 11:56:22.060 INFO       [ main ] com.dev.DevloperMineApplicationTests               ->  675 ： No active profile set, falling back to default profiles: default 
2019-07-15 11:56:23.318 INFO       [ main ] com.alibaba.druid.spring.boot.autoconfigure.DruidDataSourceAutoConfigure ->   56 ： Init DruidDataSource 
2019-07-15 11:56:23.485 INFO       [ main ] com.alibaba.druid.pool.DruidDataSource             -> 1003 ： {dataSource-1} inited 
2019-07-15 11:56:24.791 INFO       [ main ] com.dev.DevloperMineApplicationTests               ->   59 ： Started DevloperMineApplicationTests in 3.297 seconds (JVM running for 4.081) 
2019-07-15 11:56:24.970 INFO       [ main ] com.dev.config.TestAop                             ->   60 ： aop arrounding ：{} 
2019-07-15 11:56:24.972 INFO       [ main ] com.dev.config.TestAop                             ->   41 ： aop before return ：返回类型：List com.dev.service.AopiService.getList() 
2019-07-15 11:56:24.973 INFO       [ main ] com.dev.config.TestAop                             ->   50 ： aop after return ：返回结果：execution(List com.dev.service.AopiService.getList()) 
2019-07-15 11:56:24.987 INFO       [ Thread-2 ] com.alibaba.druid.pool.DruidDataSource             -> 1948 ： {dataSource-1} closing ... 
2019-07-15 11:56:24.989 INFO       [ Thread-2 ] com.alibaba.druid.pool.DruidDataSource             -> 2020 ： {dataSource-1} closed 
2019-07-15 11:57:35.960 INFO       [ main ] com.dev.DevloperMineApplicationTests               ->   50 ： Starting DevloperMineApplicationTests on PC-20181016FVVR with PID 9136 (started by Administrator in D:\IntelliJWorkSp\devloper-mine) 
2019-07-15 11:57:35.962 INFO       [ main ] com.dev.DevloperMineApplicationTests               ->  675 ： No active profile set, falling back to default profiles: default 
2019-07-15 11:57:37.050 INFO       [ main ] com.alibaba.druid.spring.boot.autoconfigure.DruidDataSourceAutoConfigure ->   56 ： Init DruidDataSource 
2019-07-15 11:57:37.194 INFO       [ main ] com.alibaba.druid.pool.DruidDataSource             -> 1003 ： {dataSource-1} inited 
2019-07-15 11:57:38.504 INFO       [ main ] com.dev.DevloperMineApplicationTests               ->   59 ： Started DevloperMineApplicationTests in 3.21 seconds (JVM running for 3.931) 
2019-07-15 11:57:38.660 INFO       [ main ] com.dev.config.TestAop                             ->   60 ： aop arrounding ：{} 
2019-07-15 11:57:38.661 INFO       [ main ] com.dev.config.TestAop                             ->   41 ： aop before return ：返回类型：List com.dev.service.AopiService.getList() 
2019-07-15 11:57:38.663 INFO       [ main ] com.dev.config.TestAop                             ->   50 ： aop after return ：返回结果：execution(List com.dev.service.AopiService.getList()) 
2019-07-15 11:57:38.675 INFO       [ Thread-2 ] com.alibaba.druid.pool.DruidDataSource             -> 1948 ： {dataSource-1} closing ... 
2019-07-15 11:57:38.676 INFO       [ Thread-2 ] com.alibaba.druid.pool.DruidDataSource             -> 2020 ： {dataSource-1} closed 
2019-07-15 13:39:33.153 INFO       [ main ] com.dev.DevloperMineApplicationTests               ->   50 ： Starting DevloperMineApplicationTests on PC-20181016FVVR with PID 6840 (started by Administrator in D:\IntelliJWorkSp\devloper-mine) 
2019-07-15 13:39:33.155 INFO       [ main ] com.dev.DevloperMineApplicationTests               ->  675 ： No active profile set, falling back to default profiles: default 
2019-07-15 13:39:34.329 INFO       [ main ] com.alibaba.druid.spring.boot.autoconfigure.DruidDataSourceAutoConfigure ->   56 ： Init DruidDataSource 
2019-07-15 13:39:34.522 INFO       [ main ] com.alibaba.druid.pool.DruidDataSource             -> 1003 ： {dataSource-1} inited 
2019-07-15 13:39:35.911 INFO       [ main ] com.dev.DevloperMineApplicationTests               ->   59 ： Started DevloperMineApplicationTests in 3.537 seconds (JVM running for 4.328) 
2019-07-15 13:39:36.247 INFO       [ main ] com.dev.config.TestAop                             ->   60 ： aop arrounding ：{} 
2019-07-15 13:39:36.249 INFO       [ main ] com.dev.config.TestAop                             ->   41 ： aop before return ：返回类型：List com.dev.service.AopiService.getList() 
2019-07-15 13:39:36.253 INFO       [ main ] com.dev.config.TestAop                             ->   50 ： aop after return ：返回结果：execution(List com.dev.service.AopiService.getList()) 
2019-07-15 13:39:36.271 INFO       [ Thread-2 ] com.alibaba.druid.pool.DruidDataSource             -> 1948 ： {dataSource-1} closing ... 
2019-07-15 13:39:36.273 INFO       [ Thread-2 ] com.alibaba.druid.pool.DruidDataSource             -> 2020 ： {dataSource-1} closed 
2019-07-15 13:41:13.472 INFO       [ main ] com.dev.DevloperMineApplicationTests               ->   50 ： Starting DevloperMineApplicationTests on PC-20181016FVVR with PID 6872 (started by Administrator in D:\IntelliJWorkSp\devloper-mine) 
2019-07-15 13:41:13.475 INFO       [ main ] com.dev.DevloperMineApplicationTests               ->  675 ： No active profile set, falling back to default profiles: default 
2019-07-15 13:41:14.780 INFO       [ main ] com.alibaba.druid.spring.boot.autoconfigure.DruidDataSourceAutoConfigure ->   56 ： Init DruidDataSource 
2019-07-15 13:41:14.911 INFO       [ main ] com.alibaba.druid.pool.DruidDataSource             -> 1003 ： {dataSource-1} inited 
2019-07-15 13:41:16.175 INFO       [ main ] com.dev.DevloperMineApplicationTests               ->   59 ： Started DevloperMineApplicationTests in 3.31 seconds (JVM running for 4.048) 
2019-07-15 13:41:16.352 INFO       [ main ] com.dev.config.TestAop                             ->   60 ： aop arrounding ：{} 
2019-07-15 13:41:16.355 INFO       [ main ] com.dev.config.TestAop                             ->   41 ： aop before return ：返回类型：List com.dev.service.AopiService.getList() 
2019-07-15 13:41:16.357 INFO       [ main ] com.dev.config.TestAop                             ->   50 ： aop after return ：返回结果：execution(List com.dev.service.AopiService.getList()) 
2019-07-15 13:41:16.369 INFO       [ Thread-2 ] com.alibaba.druid.pool.DruidDataSource             -> 1948 ： {dataSource-1} closing ... 
2019-07-15 13:41:16.371 INFO       [ Thread-2 ] com.alibaba.druid.pool.DruidDataSource             -> 2020 ： {dataSource-1} closed 
2019-07-15 13:42:09.543 INFO       [ main ] com.dev.DevloperMineApplicationTests               ->   50 ： Starting DevloperMineApplicationTests on PC-20181016FVVR with PID 8528 (started by Administrator in D:\IntelliJWorkSp\devloper-mine) 
2019-07-15 13:42:09.545 INFO       [ main ] com.dev.DevloperMineApplicationTests               ->  675 ： No active profile set, falling back to default profiles: default 
2019-07-15 13:42:10.847 INFO       [ main ] com.alibaba.druid.spring.boot.autoconfigure.DruidDataSourceAutoConfigure ->   56 ： Init DruidDataSource 
2019-07-15 13:42:11.004 INFO       [ main ] com.alibaba.druid.pool.DruidDataSource             -> 1003 ： {dataSource-1} inited 
2019-07-15 13:42:12.262 INFO       [ main ] com.dev.DevloperMineApplicationTests               ->   59 ： Started DevloperMineApplicationTests in 3.337 seconds (JVM running for 4.075) 
2019-07-15 13:42:12.438 INFO       [ main ] com.dev.config.TestAop                             ->   64 ： aop arrounding ：{} 
2019-07-15 13:42:12.440 INFO       [ main ] com.dev.config.TestAop                             ->   45 ： aop before return ：返回类型：List com.dev.service.AopiService.getList() 
2019-07-15 13:42:12.442 INFO       [ main ] com.dev.config.TestAop                             ->   54 ： aop after return ：返回结果：[] 
2019-07-15 13:42:12.449 INFO       [ Thread-2 ] com.alibaba.druid.pool.DruidDataSource             -> 1948 ： {dataSource-1} closing ... 
2019-07-15 13:42:12.450 INFO       [ Thread-2 ] com.alibaba.druid.pool.DruidDataSource             -> 2020 ： {dataSource-1} closed 
2019-07-15 13:47:30.308 INFO       [ main ] com.dev.DevloperMineApplicationTests               ->   50 ： Starting DevloperMineApplicationTests on PC-20181016FVVR with PID 8812 (started by Administrator in D:\IntelliJWorkSp\devloper-mine) 
2019-07-15 13:47:30.311 INFO       [ main ] com.dev.DevloperMineApplicationTests               ->  675 ： No active profile set, falling back to default profiles: default 
2019-07-15 13:47:31.617 INFO       [ main ] com.alibaba.druid.spring.boot.autoconfigure.DruidDataSourceAutoConfigure ->   56 ： Init DruidDataSource 
2019-07-15 13:47:31.772 INFO       [ main ] com.alibaba.druid.pool.DruidDataSource             -> 1003 ： {dataSource-1} inited 
2019-07-15 13:47:33.061 INFO       [ main ] com.dev.DevloperMineApplicationTests               ->   59 ： Started DevloperMineApplicationTests in 3.329 seconds (JVM running for 4.067) 
2019-07-15 13:47:33.352 INFO       [ main ] com.dev.config.TestAop                             ->   64 ： aop arrounding ：{} 
2019-07-15 13:47:33.355 INFO       [ main ] com.dev.config.TestAop                             ->   45 ： aop before return ：返回类型：List com.dev.service.AopiService.getList() 
2019-07-15 13:47:33.358 INFO       [ main ] com.dev.config.TestAop                             ->   54 ： aop after return ：返回结果：null 
2019-07-15 13:47:33.371 INFO       [ Thread-2 ] com.alibaba.druid.pool.DruidDataSource             -> 1948 ： {dataSource-1} closing ... 
2019-07-15 13:47:33.372 INFO       [ Thread-2 ] com.alibaba.druid.pool.DruidDataSource             -> 2020 ： {dataSource-1} closed 
2019-07-15 14:00:00.021 INFO       [ main ] com.dev.DevloperMineApplicationTests               ->   50 ： Starting DevloperMineApplicationTests on PC-20181016FVVR with PID 10072 (started by Administrator in D:\IntelliJWorkSp\devloper-mine) 
2019-07-15 14:00:00.023 INFO       [ main ] com.dev.DevloperMineApplicationTests               ->  675 ： No active profile set, falling back to default profiles: default 
2019-07-15 14:00:01.163 INFO       [ main ] com.alibaba.druid.spring.boot.autoconfigure.DruidDataSourceAutoConfigure ->   56 ： Init DruidDataSource 
2019-07-15 14:00:01.310 INFO       [ main ] com.alibaba.druid.pool.DruidDataSource             -> 1003 ： {dataSource-1} inited 
2019-07-15 14:00:02.616 INFO       [ main ] com.dev.DevloperMineApplicationTests               ->   59 ： Started DevloperMineApplicationTests in 3.248 seconds (JVM running for 4.076) 
2019-07-15 14:00:03.151 INFO       [ Thread-2 ] com.alibaba.druid.pool.DruidDataSource             -> 1948 ： {dataSource-1} closing ... 
2019-07-15 14:00:03.165 INFO       [ Thread-2 ] com.alibaba.druid.pool.DruidDataSource             -> 2020 ： {dataSource-1} closed 
2019-07-15 14:00:14.724 INFO       [ main ] com.dev.DevloperMineApplicationTests               ->   50 ： Starting DevloperMineApplicationTests on PC-20181016FVVR with PID 8476 (started by Administrator in D:\IntelliJWorkSp\devloper-mine) 
2019-07-15 14:00:14.726 INFO       [ main ] com.dev.DevloperMineApplicationTests               ->  675 ： No active profile set, falling back to default profiles: default 
2019-07-15 14:00:15.863 INFO       [ main ] com.alibaba.druid.spring.boot.autoconfigure.DruidDataSourceAutoConfigure ->   56 ： Init DruidDataSource 
2019-07-15 14:00:16.055 INFO       [ main ] com.alibaba.druid.pool.DruidDataSource             -> 1003 ： {dataSource-1} inited 
2019-07-15 14:00:17.353 INFO       [ main ] com.dev.DevloperMineApplicationTests               ->   59 ： Started DevloperMineApplicationTests in 3.203 seconds (JVM running for 3.93) 
2019-07-15 14:00:17.510 INFO       [ main ] com.dev.config.TestAop                             ->   63 ： aop arrounding ：{} 
2019-07-15 14:00:17.511 INFO       [ main ] com.dev.config.TestAop                             ->   44 ： aop before return ：返回类型：List com.dev.service.AopiService.getList() 
2019-07-15 14:00:17.513 INFO       [ main ] com.dev.config.TestAop                             ->   53 ： aop after return ：返回结果：null 
2019-07-15 14:00:17.519 INFO       [ Thread-2 ] com.alibaba.druid.pool.DruidDataSource             -> 1948 ： {dataSource-1} closing ... 
2019-07-15 14:00:17.520 INFO       [ Thread-2 ] com.alibaba.druid.pool.DruidDataSource             -> 2020 ： {dataSource-1} closed 
