2019-07-15 09:58:52.934 DEBUG [ main ] org.apache.ibatis.logging.LogFactory               ->  105 ： Logging initialized using 'class org.apache.ibatis.logging.slf4j.Slf4jImpl' adapter. 
2019-07-15 10:35:27.134 DEBUG [ main ] org.apache.ibatis.logging.LogFactory               ->  105 ： Logging initialized using 'class org.apache.ibatis.logging.slf4j.Slf4jImpl' adapter. 
2019-07-15 10:40:08.380 DEBUG [ main ] org.apache.ibatis.logging.LogFactory               ->  105 ： Logging initialized using 'class org.apache.ibatis.logging.slf4j.Slf4jImpl' adapter. 
2019-07-15 10:40:10.944 DEBUG [ main ] com.dev.mapper.mappers.AopiMapper.selectAll_COUNT  ->  143 ： ==>  Preparing: SELECT count(0) FROM aopi  
2019-07-15 10:40:10.977 DEBUG [ main ] com.dev.mapper.mappers.AopiMapper.selectAll_COUNT  ->  143 ： ==> Parameters:  
2019-07-15 10:40:11.021 DEBUG [ main ] com.dev.mapper.mappers.AopiMapper.selectAll_COUNT  ->  143 ： <==      Total: 1 
2019-07-15 10:40:11.028 DEBUG [ main ] com.dev.mapper.mappers.AopiMapper.selectAll        ->  143 ： ==>  Preparing: SELECT id, name, age FROM aopi order by id desc,age asc LIMIT ?  
2019-07-15 10:40:11.029 DEBUG [ main ] com.dev.mapper.mappers.AopiMapper.selectAll        ->  143 ： ==> Parameters: 10(Integer) 
2019-07-15 10:40:11.037 DEBUG [ main ] com.dev.mapper.mappers.AopiMapper.selectAll        ->  143 ： <==      Total: 5 
2019-07-15 10:40:43.274 DEBUG [ main ] org.apache.ibatis.logging.LogFactory               ->  105 ： Logging initialized using 'class org.apache.ibatis.logging.slf4j.Slf4jImpl' adapter. 
2019-07-15 11:00:35.228 DEBUG [ main ] org.apache.ibatis.logging.LogFactory               ->  105 ： Logging initialized using 'class org.apache.ibatis.logging.slf4j.Slf4jImpl' adapter. 
2019-07-15 11:01:45.086 DEBUG [ main ] org.apache.ibatis.logging.LogFactory               ->  105 ： Logging initialized using 'class org.apache.ibatis.logging.slf4j.Slf4jImpl' adapter. 
2019-07-15 11:02:21.226 DEBUG [ main ] org.apache.ibatis.logging.LogFactory               ->  105 ： Logging initialized using 'class org.apache.ibatis.logging.slf4j.Slf4jImpl' adapter. 
2019-07-15 11:02:31.256 DEBUG [ main ] org.apache.ibatis.logging.LogFactory               ->  105 ： Logging initialized using 'class org.apache.ibatis.logging.slf4j.Slf4jImpl' adapter. 
2019-07-15 11:15:29.580 DEBUG [ main ] org.apache.ibatis.logging.LogFactory               ->  105 ： Logging initialized using 'class org.apache.ibatis.logging.slf4j.Slf4jImpl' adapter. 
2019-07-15 11:18:30.499 DEBUG [ main ] org.apache.ibatis.logging.LogFactory               ->  105 ： Logging initialized using 'class org.apache.ibatis.logging.slf4j.Slf4jImpl' adapter. 
2019-07-15 11:33:46.313 DEBUG [ main ] org.apache.ibatis.logging.LogFactory               ->  105 ： Logging initialized using 'class org.apache.ibatis.logging.slf4j.Slf4jImpl' adapter. 
2019-07-15 11:36:04.251 DEBUG [ main ] org.apache.ibatis.logging.LogFactory               ->  105 ： Logging initialized using 'class org.apache.ibatis.logging.slf4j.Slf4jImpl' adapter. 
2019-07-15 11:36:40.289 DEBUG [ main ] org.apache.ibatis.logging.LogFactory               ->  105 ： Logging initialized using 'class org.apache.ibatis.logging.slf4j.Slf4jImpl' adapter. 
2019-07-15 11:38:25.863 DEBUG [ main ] org.apache.ibatis.logging.LogFactory               ->  105 ： Logging initialized using 'class org.apache.ibatis.logging.slf4j.Slf4jImpl' adapter. 
2019-07-15 11:39:49.366 DEBUG [ main ] org.apache.ibatis.logging.LogFactory               ->  105 ： Logging initialized using 'class org.apache.ibatis.logging.slf4j.Slf4jImpl' adapter. 
2019-07-15 11:46:13.073 DEBUG [ main ] org.apache.ibatis.logging.LogFactory               ->  105 ： Logging initialized using 'class org.apache.ibatis.logging.slf4j.Slf4jImpl' adapter. 
2019-07-15 11:47:50.768 DEBUG [ main ] org.apache.ibatis.logging.LogFactory               ->  105 ： Logging initialized using 'class org.apache.ibatis.logging.slf4j.Slf4jImpl' adapter. 
2019-07-15 11:49:16.921 DEBUG [ main ] org.apache.ibatis.logging.LogFactory               ->  105 ： Logging initialized using 'class org.apache.ibatis.logging.slf4j.Slf4jImpl' adapter. 
2019-07-15 11:52:57.148 DEBUG [ main ] org.apache.ibatis.logging.LogFactory               ->  105 ： Logging initialized using 'class org.apache.ibatis.logging.slf4j.Slf4jImpl' adapter. 
2019-07-15 11:56:22.707 DEBUG [ main ] org.apache.ibatis.logging.LogFactory               ->  105 ： Logging initialized using 'class org.apache.ibatis.logging.slf4j.Slf4jImpl' adapter. 
2019-07-15 11:57:36.510 DEBUG [ main ] org.apache.ibatis.logging.LogFactory               ->  105 ： Logging initialized using 'class org.apache.ibatis.logging.slf4j.Slf4jImpl' adapter. 
2019-07-15 13:39:33.742 DEBUG [ main ] org.apache.ibatis.logging.LogFactory               ->  105 ： Logging initialized using 'class org.apache.ibatis.logging.slf4j.Slf4jImpl' adapter. 
2019-07-15 13:41:14.168 DEBUG [ main ] org.apache.ibatis.logging.LogFactory               ->  105 ： Logging initialized using 'class org.apache.ibatis.logging.slf4j.Slf4jImpl' adapter. 
2019-07-15 13:42:10.219 DEBUG [ main ] org.apache.ibatis.logging.LogFactory               ->  105 ： Logging initialized using 'class org.apache.ibatis.logging.slf4j.Slf4jImpl' adapter. 
2019-07-15 13:47:31.023 DEBUG [ main ] org.apache.ibatis.logging.LogFactory               ->  105 ： Logging initialized using 'class org.apache.ibatis.logging.slf4j.Slf4jImpl' adapter. 
2019-07-15 14:00:00.587 DEBUG [ main ] org.apache.ibatis.logging.LogFactory               ->  105 ： Logging initialized using 'class org.apache.ibatis.logging.slf4j.Slf4jImpl' adapter. 
2019-07-15 14:00:03.092 DEBUG [ main ] com.dev.mapper.mappers.AopiMapper.updateByExample  ->  143 ： ==>  Preparing: UPDATE aopi SET name = ?,age = ? WHERE ( ( id = ? ) )  
2019-07-15 14:00:03.127 DEBUG [ main ] com.dev.mapper.mappers.AopiMapper.updateByExample  ->  143 ： ==> Parameters: 1(String), 1(Integer), 3(Integer) 
2019-07-15 14:00:03.141 DEBUG [ main ] com.dev.mapper.mappers.AopiMapper.updateByExample  ->  143 ： <==    Updates: 1 
2019-07-15 14:00:15.335 DEBUG [ main ] org.apache.ibatis.logging.LogFactory               ->  105 ： Logging initialized using 'class org.apache.ibatis.logging.slf4j.Slf4jImpl' adapter. 
