2019-07-12 10:07:02.696 DEBUG [ main ] org.apache.ibatis.logging.LogFactory               ->  105 ： Logging initialized using 'class org.apache.ibatis.logging.slf4j.Slf4jImpl' adapter. 
2019-07-12 10:07:05.124 DEBUG [ main ] com.dev.mapper.mappers.AopiMapper.selectAll        ->  143 ： ==>  Preparing: SELECT id,name,age FROM aopi  
2019-07-12 10:07:05.148 DEBUG [ main ] com.dev.mapper.mappers.AopiMapper.selectAll        ->  143 ： ==> Parameters:  
2019-07-12 10:07:05.177 DEBUG [ main ] com.dev.mapper.mappers.AopiMapper.selectAll        ->  143 ： <==      Total: 5 
2019-07-12 10:16:15.163 DEBUG [ main ] org.apache.ibatis.logging.LogFactory               ->  105 ： Logging initialized using 'class org.apache.ibatis.logging.slf4j.Slf4jImpl' adapter. 
2019-07-12 10:16:17.109 DEBUG [ main ] com.dev.mapper.mappers.AopiMapper.updateByExample  ->  143 ： ==>  Preparing: UPDATE aopi SET name = ?,age = ? WHERE ( ( id = ? ) )  
2019-07-12 10:16:17.134 DEBUG [ main ] com.dev.mapper.mappers.AopiMapper.updateByExample  ->  143 ： ==> Parameters: 1(String), 1(Integer), 3(Integer) 
2019-07-12 10:16:17.144 DEBUG [ main ] com.dev.mapper.mappers.AopiMapper.updateByExample  ->  143 ： <==    Updates: 1 
2019-07-12 17:43:28.990 DEBUG [ main ] org.apache.ibatis.logging.LogFactory               ->  105 ： Logging initialized using 'class org.apache.ibatis.logging.slf4j.Slf4jImpl' adapter. 
2019-07-12 17:43:31.563 DEBUG [ main ] com.dev.mapper.mappers.AopiMapper.updateByExample  ->  143 ： ==>  Preparing: UPDATE aopi SET name = ?,age = ? WHERE ( ( id = ? ) )  
2019-07-12 17:43:31.590 DEBUG [ main ] com.dev.mapper.mappers.AopiMapper.updateByExample  ->  143 ： ==> Parameters: 1(String), 1(Integer), 3(Integer) 
2019-07-12 17:43:31.633 DEBUG [ main ] com.dev.mapper.mappers.AopiMapper.updateByExample  ->  143 ： <==    Updates: 1 
2019-07-12 17:45:24.205 DEBUG [ main ] org.apache.ibatis.logging.LogFactory               ->  105 ： Logging initialized using 'class org.apache.ibatis.logging.slf4j.Slf4jImpl' adapter. 
2019-07-12 17:45:26.389 DEBUG [ main ] com.dev.mapper.mappers.AopiMapper.selectAll_COUNT  ->  143 ： ==>  Preparing: SELECT count(0) FROM aopi  
2019-07-12 17:45:26.420 DEBUG [ main ] com.dev.mapper.mappers.AopiMapper.selectAll_COUNT  ->  143 ： ==> Parameters:  
2019-07-12 17:45:26.444 DEBUG [ main ] com.dev.mapper.mappers.AopiMapper.selectAll_COUNT  ->  143 ： <==      Total: 1 
2019-07-12 17:45:26.448 DEBUG [ main ] com.dev.mapper.mappers.AopiMapper.selectAll        ->  143 ： ==>  Preparing: SELECT id, name, age FROM aopi order by id desc,age asc LIMIT ?  
2019-07-12 17:45:26.448 DEBUG [ main ] com.dev.mapper.mappers.AopiMapper.selectAll        ->  143 ： ==> Parameters: 10(Integer) 
2019-07-12 17:45:26.452 DEBUG [ main ] com.dev.mapper.mappers.AopiMapper.selectAll        ->  143 ： <==      Total: 5 
2019-07-12 17:53:15.212 DEBUG [ main ] org.apache.ibatis.logging.LogFactory               ->  105 ： Logging initialized using 'class org.apache.ibatis.logging.slf4j.Slf4jImpl' adapter. 
